<?xml version="1.0" encoding="UTF-8"?>
<!-- Generated by org.testng.reporters.JUnitReportReporter -->
<testsuite hostname="LTIN206153" failures="0" tests="1" name="testCases.TC_001_Student_Travel_Insurance" time="83.848" errors="0" timestamp="2024-03-06T11:21:11 IST" skipped="0">
  <testcase classname="testCases.TC_001_Student_Travel_Insurance" name="travel_insurance" time="83.848"/>
</testsuite> <!-- testCases.TC_001_Student_Travel_Insurance -->
