<?xml version="1.0" encoding="UTF-8"?>
<!-- Generated by org.testng.reporters.JUnitReportReporter -->
<testsuite hostname="LTIN206153" failures="0" tests="1" name="testCases.TC_002_Car_Insurance" time="12.841" errors="0" timestamp="2024-02-23T10:41:14 IST" skipped="0">
  <testcase classname="testCases.TC_002_Car_Insurance" name="car_Insurance" time="12.841"/>
</testsuite> <!-- testCases.TC_002_Car_Insurance -->
