<?xml version="1.0" encoding="UTF-8"?>
<!-- Generated by org.testng.reporters.JUnitReportReporter -->
<testsuite hostname="LTIN206153" failures="0" tests="1" name="testCases.TC_002_Car_Insurance" time="133.718" errors="0" timestamp="2024-03-06T11:21:11 IST" skipped="0">
  <testcase classname="testCases.TC_002_Car_Insurance" name="car_Insurance" time="133.718"/>
</testsuite> <!-- testCases.TC_002_Car_Insurance -->
