<?xml version="1.0" encoding="UTF-8"?>
<!-- Generated by org.testng.reporters.JUnitReportReporter -->
<testsuite hostname="LTIN206153" failures="0" tests="1" name="testCases.TC_001_Student_Travel_Insurance" time="47.377" errors="0" timestamp="2024-03-07T17:46:48 IST" skipped="0">
  <testcase classname="testCases.TC_001_Student_Travel_Insurance" name="travel_insurance" time="47.377"/>
</testsuite> <!-- testCases.TC_001_Student_Travel_Insurance -->
