<?xml version="1.0" encoding="UTF-8"?>
<!-- Generated by org.testng.reporters.JUnitReportReporter -->
<testsuite hostname="LTIN206153" failures="0" tests="1" name="testCases.TC_003_Health_Insurance" time="0.000" errors="0" timestamp="2024-02-26T16:34:39 IST" skipped="1">
  <testcase classname="testCases.TC_003_Health_Insurance" name="HomePage" time="0.000">
    <skipped/>
  </testcase> <!-- HomePage -->
</testsuite> <!-- testCases.TC_003_Health_Insurance -->
