<?xml version="1.0" encoding="UTF-8"?>
<!-- Generated by org.testng.reporters.JUnitReportReporter -->
<testsuite hostname="AnuragsLaptop" failures="0" tests="1" name="testCases.TC_003_Health_Insurance" time="39.516" errors="1" timestamp="2024-02-25T22:37:42 IST" skipped="0">
  <testcase classname="testCases.TC_003_Health_Insurance" name="HomePage" time="39.516">
    <error message="Receiver class org.apache.xerces.jaxp.DocumentBuilderFactoryImpl does not define or inherit an implementation of the resolved method &#039;abstract void setFeature(java.lang.String, boolean)&#039; of abstract class javax.xml.parsers.DocumentBuilderFactory." type="java.lang.AbstractMethodError">
      <![CDATA[java.lang.AbstractMethodError: Receiver class org.apache.xerces.jaxp.DocumentBuilderFactoryImpl does not define or inherit an implementation of the resolved method 'abstract void setFeature(java.lang.String, boolean)' of abstract class javax.xml.parsers.DocumentBuilderFactory.
at org.apache.poi.util.XMLHelper.trySet(XMLHelper.java:282)
at org.apache.poi.util.XMLHelper.getDocumentBuilderFactory(XMLHelper.java:113)
at org.apache.poi.util.XMLHelper.<clinit>(XMLHelper.java:85)
at org.apache.poi.ooxml.util.DocumentHelper.newDocumentBuilder(DocumentHelper.java:47)
at org.apache.poi.ooxml.util.DocumentHelper.<clinit>(DocumentHelper.java:36)
at org.apache.poi.openxml4j.opc.internal.ContentTypeManager.save(ContentTypeManager.java:429)
at org.apache.poi.openxml4j.opc.ZipPackage.saveImpl(ZipPackage.java:608)
at org.apache.poi.openxml4j.opc.OPCPackage.save(OPCPackage.java:1532)
at org.apache.poi.ooxml.POIXMLDocument.write(POIXMLDocument.java:227)
at utilities.ExcelUtility.excelHI(ExcelUtility.java:79)
at pageObject.Health_Insurance.ListInfo(Health_Insurance.java:193)
at testCases.TC_003_Health_Insurance.HomePage(TC_003_Health_Insurance.java:40)
at java.base/jdk.internal.reflect.DirectMethodHandleAccessor.invoke(DirectMethodHandleAccessor.java:104)
at java.base/java.lang.reflect.Method.invoke(Method.java:578)
at org.testng.internal.invokers.MethodInvocationHelper.invokeMethod(MethodInvocationHelper.java:139)
at org.testng.internal.invokers.TestInvoker.invokeMethod(TestInvoker.java:664)
at org.testng.internal.invokers.TestInvoker.invokeTestMethod(TestInvoker.java:228)
at org.testng.internal.invokers.MethodRunner.runInSequence(MethodRunner.java:63)
at org.testng.internal.invokers.TestInvoker$MethodInvocationAgent.invoke(TestInvoker.java:961)
at org.testng.internal.invokers.TestInvoker.invokeTestMethods(TestInvoker.java:201)
at org.testng.internal.invokers.TestMethodWorker.invokeTestMethods(TestMethodWorker.java:148)
at org.testng.internal.invokers.TestMethodWorker.run(TestMethodWorker.java:128)
at java.base/java.util.ArrayList.forEach(ArrayList.java:1511)
at org.testng.TestRunner.privateRun(TestRunner.java:819)
at org.testng.TestRunner.run(TestRunner.java:619)
at org.testng.SuiteRunner.runTest(SuiteRunner.java:443)
at org.testng.SuiteRunner.runSequentially(SuiteRunner.java:437)
at org.testng.SuiteRunner.privateRun(SuiteRunner.java:397)
at org.testng.SuiteRunner.run(SuiteRunner.java:336)
at org.testng.SuiteRunnerWorker.runSuite(SuiteRunnerWorker.java:52)
at org.testng.SuiteRunnerWorker.run(SuiteRunnerWorker.java:95)
at org.testng.TestNG.runSuitesSequentially(TestNG.java:1301)
at org.testng.TestNG.runSuitesLocally(TestNG.java:1228)
at org.testng.TestNG.runSuites(TestNG.java:1134)
at org.testng.TestNG.run(TestNG.java:1101)
at org.testng.remote.AbstractRemoteTestNG.run(AbstractRemoteTestNG.java:115)
at org.testng.remote.RemoteTestNG.initAndRun(RemoteTestNG.java:251)
at org.testng.remote.RemoteTestNG.main(RemoteTestNG.java:77)
]]>
    </error>
  </testcase> <!-- HomePage -->
</testsuite> <!-- testCases.TC_003_Health_Insurance -->
