<?xml version="1.0" encoding="UTF-8"?>
<!-- Generated by org.testng.reporters.JUnitReportReporter -->
<testsuite hostname="LTIN206153" failures="0" tests="1" name="testCases.TC_001_Student_Travel_Insurance" time="0.001" errors="0" timestamp="2024-02-26T16:34:39 IST" skipped="1">
  <testcase classname="testCases.TC_001_Student_Travel_Insurance" name="travel_insurance" time="0.001">
    <skipped/>
  </testcase> <!-- travel_insurance -->
</testsuite> <!-- testCases.TC_001_Student_Travel_Insurance -->
