<?xml version="1.0" encoding="UTF-8"?>
<!-- Generated by org.testng.reporters.JUnitReportReporter -->
<testsuite hostname="LTIN206153" failures="0" tests="10" name="testCases.TC_002_Car_Insurance" time="45.478" errors="0" timestamp="2024-02-21T14:15:33 IST" skipped="0">
  <testcase classname="testCases.TC_002_Car_Insurance" name="verify_linkOpen" time="0.006"/>
  <testcase classname="testCases.TC_002_Car_Insurance" name="verify_carIns_click" time="0.581"/>
  <testcase classname="testCases.TC_002_Car_Insurance" name="verify_buyNew_click" time="40.776"/>
  <testcase classname="testCases.TC_002_Car_Insurance" name="verify_city_click" time="0.279"/>
  <testcase classname="testCases.TC_002_Car_Insurance" name="verify_rto_click" time="0.261"/>
  <testcase classname="testCases.TC_002_Car_Insurance" name="verify_brand_click" time="0.784"/>
  <testcase classname="testCases.TC_002_Car_Insurance" name="verify_model_click" time="0.486"/>
  <testcase classname="testCases.TC_002_Car_Insurance" name="verify_varaint_click" time="0.666"/>
  <testcase classname="testCases.TC_002_Car_Insurance" name="sendDetails" time="1.316"/>
  <testcase classname="testCases.TC_002_Car_Insurance" name="submit_click" time="0.323"/>
</testsuite> <!-- testCases.TC_002_Car_Insurance -->
