<?xml version="1.0" encoding="UTF-8"?>
<!-- Generated by org.testng.reporters.JUnitReportReporter -->
<testsuite hostname="LTIN206153" failures="0" tests="3" name="testRunner.TestNGRunner" time="531.437" errors="0" timestamp="2024-02-27T16:36:19 IST" skipped="0">
  <testcase classname="testRunner.TestNGRunner" name="runScenario" time="185.542"/>
  <testcase classname="testRunner.TestNGRunner" name="runScenario" time="170.603"/>
  <testcase classname="testRunner.TestNGRunner" name="runScenario" time="175.292"/>
</testsuite> <!-- testRunner.TestNGRunner -->
