<?xml version="1.0" encoding="UTF-8"?>
<!-- Generated by org.testng.reporters.JUnitReportReporter -->
<testsuite hostname="AnuragsLaptop" failures="0" tests="1" name="testCases.TC_003_Health_Insurance" time="58.643" errors="0" timestamp="2024-03-07T23:01:38 IST" skipped="0">
  <testcase classname="testCases.TC_003_Health_Insurance" name="HomePage" time="58.643"/>
</testsuite> <!-- testCases.TC_003_Health_Insurance -->
