<?xml version="1.0" encoding="UTF-8"?>
<!-- Generated by org.testng.reporters.JUnitReportReporter -->
<testsuite hostname="LTIN194169" failures="0" tests="10" name="testCases.TC_002_Car_Insurance" time="12.131" errors="0" timestamp="2024-02-21T12:09:14 IST" skipped="0">
  <testcase classname="testCases.TC_002_Car_Insurance" name="verify_linkOpen" time="0.003"/>
  <testcase classname="testCases.TC_002_Car_Insurance" name="verify_carIns_click" time="1.446"/>
  <testcase classname="testCases.TC_002_Car_Insurance" name="verify_buyNew_click" time="5.873"/>
  <testcase classname="testCases.TC_002_Car_Insurance" name="verify_city_click" time="0.437"/>
  <testcase classname="testCases.TC_002_Car_Insurance" name="verify_rto_click" time="0.344"/>
  <testcase classname="testCases.TC_002_Car_Insurance" name="verify_brand_click" time="0.724"/>
  <testcase classname="testCases.TC_002_Car_Insurance" name="verify_model_click" time="0.700"/>
  <testcase classname="testCases.TC_002_Car_Insurance" name="verify_varaint_click" time="1.175"/>
  <testcase classname="testCases.TC_002_Car_Insurance" name="sendDetails" time="0.920"/>
  <testcase classname="testCases.TC_002_Car_Insurance" name="submit_click" time="0.509"/>
</testsuite> <!-- testCases.TC_002_Car_Insurance -->
