<?xml version="1.0" encoding="UTF-8"?>
<!-- Generated by org.testng.reporters.JUnitReportReporter -->
<testsuite hostname="LTIN206153" failures="0" tests="13" name="testCases.TC_001" time="51.728" errors="0" timestamp="2024-02-19T17:13:17 IST" skipped="0">
  <testcase classname="testCases.TC_001" name="homepage" time="0.549"/>
  <testcase classname="testCases.TC_001" name="selcountry" time="39.458"/>
  <testcase classname="testCases.TC_001" name="Eurcountry" time="0.476"/>
  <testcase classname="testCases.TC_001" name="Next" time="0.315"/>
  <testcase classname="testCases.TC_001" name="date" time="0.806"/>
  <testcase classname="testCases.TC_001" name="startdate" time="0.570"/>
  <testcase classname="testCases.TC_001" name="lastdate" time="0.705"/>
  <testcase classname="testCases.TC_001" name="Countpeople" time="0.333"/>
  <testcase classname="testCases.TC_001" name="SelectAge" time="1.365"/>
  <testcase classname="testCases.TC_001" name="MedicalCondi" time="0.991"/>
  <testcase classname="testCases.TC_001" name="phoneno" time="0.744"/>
  <testcase classname="testCases.TC_001" name="plans" time="4.629"/>
  <testcase classname="testCases.TC_001" name="plansdata" time="0.787"/>
</testsuite> <!-- testCases.TC_001 -->
