<?xml version="1.0" encoding="UTF-8"?>
<!-- Generated by org.testng.reporters.JUnitReportReporter -->
<testsuite hostname="LTIN206153" failures="0" tests="1" name="testCases.TC_003_Health_Insurance" time="133.029" errors="0" timestamp="2024-02-26T14:40:51 IST" skipped="0">
  <testcase classname="testCases.TC_003_Health_Insurance" name="HomePage" time="133.029"/>
</testsuite> <!-- testCases.TC_003_Health_Insurance -->
