<?xml version="1.0" encoding="UTF-8"?>
<!-- Generated by org.testng.reporters.JUnitReportReporter -->
<testsuite hostname="AnuragsLaptop" failures="0" tests="1" name="testCases.TC_002_Car_Insurance" time="10.515" errors="0" timestamp="2024-02-25T22:11:24 IST" skipped="0">
  <testcase classname="testCases.TC_002_Car_Insurance" name="car_Insurance" time="10.515"/>
</testsuite> <!-- testCases.TC_002_Car_Insurance -->
