<?xml version="1.0" encoding="UTF-8"?>
<!-- Generated by org.testng.reporters.JUnitReportReporter -->
<testsuite hostname="LTIN206153" failures="0" tests="1" name="testCases.TC_003_Health_Insurance" time="104.220" errors="0" timestamp="2024-03-06T11:21:11 IST" skipped="0">
  <testcase classname="testCases.TC_003_Health_Insurance" name="HomePage" time="104.220"/>
</testsuite> <!-- testCases.TC_003_Health_Insurance -->
