<?xml version="1.0" encoding="UTF-8"?>
<!-- Generated by org.testng.reporters.JUnitReportReporter -->
<testsuite hostname="AnuragsLaptop" failures="0" tests="1" name="testCases.TC_002_Car_Insurance" time="9.567" errors="0" timestamp="2024-03-07T23:01:38 IST" skipped="0">
  <testcase classname="testCases.TC_002_Car_Insurance" name="car_Insurance" time="9.567"/>
</testsuite> <!-- testCases.TC_002_Car_Insurance -->
