<?xml version="1.0" encoding="UTF-8"?>
<!-- Generated by org.testng.reporters.JUnitReportReporter -->
<testsuite hostname="LTIN206153" failures="0" tests="1" name="testCases.TC_001_Student_Travel_Insurance" time="50.220" errors="0" timestamp="2024-03-10T14:10:46 IST" skipped="0">
  <testcase classname="testCases.TC_001_Student_Travel_Insurance" name="travel_insurance" time="50.220"/>
</testsuite> <!-- testCases.TC_001_Student_Travel_Insurance -->
