<?xml version="1.0" encoding="UTF-8"?>
<!-- Generated by org.testng.reporters.JUnitReportReporter -->
<testsuite hostname="AnuragsLaptop" failures="0" tests="14" name="testCases.TC_001" time="0.033" errors="1" timestamp="2024-02-20T01:04:35 IST" skipped="13">
  <testcase classname="testCases.TC_001" name="setup" time="0.027">
    <error message="Cannot invoke &quot;String.equalsIgnoreCase(String)&quot; because the return value of &quot;java.util.Properties.getProperty(String)&quot; is null" type="java.lang.NullPointerException">
      <![CDATA[java.lang.NullPointerException: Cannot invoke "String.equalsIgnoreCase(String)" because the return value of "java.util.Properties.getProperty(String)" is null
at testBase.BaseClass.setup(BaseClass.java:48)
at java.base/jdk.internal.reflect.DirectMethodHandleAccessor.invoke(DirectMethodHandleAccessor.java:104)
at java.base/java.lang.reflect.Method.invoke(Method.java:578)
at org.testng.internal.invokers.MethodInvocationHelper.invokeMethod(MethodInvocationHelper.java:139)
at org.testng.internal.invokers.MethodInvocationHelper.invokeMethodConsideringTimeout(MethodInvocationHelper.java:69)
at org.testng.internal.invokers.ConfigInvoker.invokeConfigurationMethod(ConfigInvoker.java:390)
at org.testng.internal.invokers.ConfigInvoker.invokeConfigurations(ConfigInvoker.java:325)
at org.testng.internal.invokers.TestMethodWorker.invokeBeforeClassMethods(TestMethodWorker.java:180)
at org.testng.internal.invokers.TestMethodWorker.run(TestMethodWorker.java:122)
at java.base/java.util.ArrayList.forEach(ArrayList.java:1511)
at org.testng.TestRunner.privateRun(TestRunner.java:848)
at org.testng.TestRunner.run(TestRunner.java:621)
at org.testng.SuiteRunner.runTest(SuiteRunner.java:443)
at org.testng.SuiteRunner.runSequentially(SuiteRunner.java:437)
at org.testng.SuiteRunner.privateRun(SuiteRunner.java:397)
at org.testng.SuiteRunner.run(SuiteRunner.java:336)
at org.testng.SuiteRunnerWorker.runSuite(SuiteRunnerWorker.java:52)
at org.testng.SuiteRunnerWorker.run(SuiteRunnerWorker.java:95)
at org.testng.TestNG.runSuitesSequentially(TestNG.java:1280)
at org.testng.TestNG.runSuitesLocally(TestNG.java:1200)
at org.testng.TestNG.runSuites(TestNG.java:1114)
at org.testng.TestNG.run(TestNG.java:1082)
at org.testng.remote.AbstractRemoteTestNG.run(AbstractRemoteTestNG.java:115)
at org.testng.remote.RemoteTestNG.initAndRun(RemoteTestNG.java:251)
at org.testng.remote.RemoteTestNG.main(RemoteTestNG.java:77)
]]>
    </error>
  </testcase> <!-- setup -->
  <testcase classname="testCases.TC_001" name="homepage" time="0.000">
    <skipped/>
  </testcase> <!-- homepage -->
  <testcase classname="testCases.TC_001" name="selcountry" time="0.000">
    <skipped/>
  </testcase> <!-- selcountry -->
  <testcase classname="testCases.TC_001" name="Eurcountry" time="0.001">
    <skipped/>
  </testcase> <!-- Eurcountry -->
  <testcase classname="testCases.TC_001" name="Next" time="0.000">
    <skipped/>
  </testcase> <!-- Next -->
  <testcase classname="testCases.TC_001" name="date" time="0.001">
    <skipped/>
  </testcase> <!-- date -->
  <testcase classname="testCases.TC_001" name="startdate" time="0.001">
    <skipped/>
  </testcase> <!-- startdate -->
  <testcase classname="testCases.TC_001" name="lastdate" time="0.000">
    <skipped/>
  </testcase> <!-- lastdate -->
  <testcase classname="testCases.TC_001" name="Countpeople" time="0.001">
    <skipped/>
  </testcase> <!-- Countpeople -->
  <testcase classname="testCases.TC_001" name="SelectAge" time="0.000">
    <skipped/>
  </testcase> <!-- SelectAge -->
  <testcase classname="testCases.TC_001" name="MedicalCondi" time="0.001">
    <skipped/>
  </testcase> <!-- MedicalCondi -->
  <testcase classname="testCases.TC_001" name="phoneno" time="0.001">
    <skipped/>
  </testcase> <!-- phoneno -->
  <testcase classname="testCases.TC_001" name="plans" time="0.000">
    <skipped/>
  </testcase> <!-- plans -->
  <testcase classname="testCases.TC_001" name="plansdata" time="0.000">
    <skipped/>
  </testcase> <!-- plansdata -->
</testsuite> <!-- testCases.TC_001 -->
