<?xml version="1.0" encoding="UTF-8"?>
<!-- Generated by org.testng.reporters.JUnitReportReporter -->
<testsuite hostname="AnuragsLaptop" failures="0" tests="3" name="testRunner.TestNGRunner" time="296.182" errors="0" timestamp="2024-03-07T23:35:52 IST" skipped="0">
  <testcase classname="testRunner.TestNGRunner" name="runScenario" time="189.004"/>
  <testcase classname="testRunner.TestNGRunner" name="runScenario" time="40.778"/>
  <testcase classname="testRunner.TestNGRunner" name="runScenario" time="66.400"/>
</testsuite> <!-- testRunner.TestNGRunner -->
