<?xml version="1.0" encoding="UTF-8"?>
<!-- Generated by org.testng.reporters.JUnitReportReporter -->
<testsuite hostname="AnuragsLaptop" failures="0" tests="1" name="testCases.TC_001_Student_Travel_Insurance" time="14.172" errors="0" timestamp="2024-02-21T23:33:43 IST" skipped="0">
  <testcase classname="testCases.TC_001_Student_Travel_Insurance" name="travel_insurance" time="14.172"/>
</testsuite> <!-- testCases.TC_001_Student_Travel_Insurance -->
