<?xml version="1.0" encoding="UTF-8"?>
<!-- Generated by org.testng.reporters.JUnitReportReporter -->
<testsuite hostname="AnuragsLaptop" failures="0" tests="1" name="testCases.TC_003_Health_Insurance" time="107.365" errors="0" timestamp="2024-03-03T16:03:51 IST" skipped="0">
  <testcase classname="testCases.TC_003_Health_Insurance" name="HomePage" time="107.365"/>
</testsuite> <!-- testCases.TC_003_Health_Insurance -->
