<?xml version="1.0" encoding="UTF-8"?>
<!-- Generated by org.testng.reporters.JUnitReportReporter -->
<testsuite hostname="AnuragsLaptop" failures="0" tests="1" name="testCases.TC_003_Health_Insurance" time="37.082" errors="0" timestamp="2024-02-21T23:33:43 IST" skipped="0">
  <testcase classname="testCases.TC_003_Health_Insurance" name="HomePage" time="37.082"/>
</testsuite> <!-- testCases.TC_003_Health_Insurance -->
